Cloning from https://github.com/UndercodeUtilities/Systemcrash
Enumerating objects: 37, done.
Counting objects:   2% (1/37)
Counting objects:   5% (2/37)
Counting objects:   8% (3/37)
Counting objects:  10% (4/37)
Counting objects:  13% (5/37)
Counting objects:  16% (6/37)
Counting objects:  18% (7/37)
Counting objects:  21% (8/37)
Counting objects:  24% (9/37)
Counting objects:  27% (10/37)
Counting objects:  29% (11/37)
Counting objects:  32% (12/37)
Counting objects:  35% (13/37)
Counting objects:  37% (14/37)
Counting objects:  40% (15/37)
Counting objects:  43% (16/37)
Counting objects:  45% (17/37)
Counting objects:  48% (18/37)
Counting objects:  51% (19/37)
Counting objects:  54% (20/37)
Counting objects:  56% (21/37)
Counting objects:  59% (22/37)
Counting objects:  62% (23/37)
Counting objects:  64% (24/37)
Counting objects:  67% (25/37)
Counting objects:  70% (26/37)
Counting objects:  72% (27/37)
Counting objects:  75% (28/37)
Counting objects:  78% (29/37)
Counting objects:  81% (30/37)
Counting objects:  83% (31/37)
Counting objects:  86% (32/37)
Counting objects:  89% (33/37)
Counting objects:  91% (34/37)
Counting objects:  94% (35/37)
Counting objects:  97% (36/37)
Counting objects: 100% (37/37)
Counting objects: 100% (37/37), done.
Compressing objects:   2% (1/35)Compressing objects:   5% (2/35)
Compressing objects:   8% (3/35)
Compressing objects:  11% (4/35)Compressing objects:  14% (5/35)
Compressing objects:  17% (6/35)
Compressing objects:  20% (7/35)
Compressing objects:  22% (8/35)
Compressing objects:  25% (9/35)
Compressing objects:  28% (10/35)
Compressing objects:  31% (11/35)
Compressing objects:  34% (12/35)Compressing objects:  37% (13/35)
Compressing objects:  40% (14/35)
Compressing objects:  42% (15/35)
Compressing objects:  45% (16/35)
Compressing objects:  48% (17/35)
Compressing objects:  51% (18/35)
Compressing objects:  54% (19/35)
Compressing objects:  57% (20/35)
Compressing objects:  60% (21/35)
Compressing objects:  62% (22/35)
Compressing objects:  65% (23/35)Compressing objects:  68% (24/35)
Compressing objects:  71% (25/35)
Compressing objects:  74% (26/35)
Compressing objects:  77% (27/35)
Compressing objects:  80% (28/35)
Compressing objects:  82% (29/35)
Compressing objects:  85% (30/35)
Compressing objects:  88% (31/35)
Compressing objects:  91% (32/35)
Compressing objects:  94% (33/35)
Compressing objects:  97% (34/35)
Compressing objects: 100% (35/35)
Compressing objects: 100% (35/35), done.
Total 37 (delta 11), reused 0 (delta 0), pack-reused 0
